{"C:\\Users\\chale\\Desktop\\drag-drop-builder\\src\\components\\ConfirmModal\\ConfirmModal.tsx": {"path":"C:\\Users\\chale\\Desktop\\drag-drop-builder\\src\\components\\ConfirmModal\\ConfirmModal.tsx","statementMap":{"0":{"start":{"line":1,"column":0},"end":{"line":1,"column":51}},"1":{"start":{"line":2,"column":0},"end":{"line":2,"column":29}},"2":{"start":{"line":14,"column":50},"end":{"line":62,"column":1}},"3":{"start":{"line":23,"column":36},"end":{"line":23,"column":50}},"4":{"start":{"line":25,"column":2},"end":{"line":32,"column":13}},"5":{"start":{"line":26,"column":4},"end":{"line":31,"column":5}},"6":{"start":{"line":27,"column":6},"end":{"line":27,"column":25}},"7":{"start":{"line":29,"column":20},"end":{"line":29,"column":62}},"8":{"start":{"line":29,"column":37},"end":{"line":29,"column":56}},"9":{"start":{"line":30,"column":6},"end":{"line":30,"column":39}},"10":{"start":{"line":30,"column":19},"end":{"line":30,"column":38}},"11":{"start":{"line":34,"column":2},"end":{"line":61,"column":4}},"12":{"start":{"line":64,"column":0},"end":{"line":64,"column":28}}},"fnMap":{"0":{"name":"(anonymous_0)","decl":{"start":{"line":14,"column":50},"end":{"line":14,"column":51}},"loc":{"start":{"line":22,"column":5},"end":{"line":62,"column":1}}},"1":{"name":"(anonymous_1)","decl":{"start":{"line":25,"column":12},"end":{"line":25,"column":15}},"loc":{"start":{"line":25,"column":17},"end":{"line":32,"column":3}}},"2":{"name":"(anonymous_2)","decl":{"start":{"line":29,"column":31},"end":{"line":29,"column":34}},"loc":{"start":{"line":29,"column":37},"end":{"line":29,"column":56}}},"3":{"name":"(anonymous_3)","decl":{"start":{"line":30,"column":13},"end":{"line":30,"column":16}},"loc":{"start":{"line":30,"column":19},"end":{"line":30,"column":38}}}},"branchMap":{"0":{"loc":{"start":{"line":20,"column":2},"end":{"line":20,"column":25}},"type":"default-arg","locations":[{"start":{"line":20,"column":16},"end":{"line":20,"column":25}}]},"1":{"loc":{"start":{"line":21,"column":2},"end":{"line":21,"column":23}},"type":"default-arg","locations":[{"start":{"line":21,"column":15},"end":{"line":21,"column":23}}]},"2":{"loc":{"start":{"line":26,"column":4},"end":{"line":31,"column":5}},"type":"if","locations":[{"start":{"line":26,"column":4},"end":{"line":31,"column":5}},{"start":{"line":28,"column":11},"end":{"line":31,"column":5}}]},"3":{"loc":{"start":{"line":36,"column":7},"end":{"line":36,"column":82}},"type":"binary-expr","locations":[{"start":{"line":36,"column":7},"end":{"line":36,"column":16}},{"start":{"line":36,"column":20},"end":{"line":36,"column":82}}]},"4":{"loc":{"start":{"line":36,"column":54},"end":{"line":36,"column":72}},"type":"cond-expr","locations":[{"start":{"line":36,"column":61},"end":{"line":36,"column":67}},{"start":{"line":36,"column":70},"end":{"line":36,"column":72}}]},"5":{"loc":{"start":{"line":37,"column":7},"end":{"line":58,"column":null}},"type":"binary-expr","locations":[{"start":{"line":37,"column":7},"end":{"line":37,"column":16}},{"start":{"line":38,"column":6},"end":{"line":57,"column":null}}]},"6":{"loc":{"start":{"line":38,"column":31},"end":{"line":38,"column":49}},"type":"cond-expr","locations":[{"start":{"line":38,"column":38},"end":{"line":38,"column":44}},{"start":{"line":38,"column":47},"end":{"line":38,"column":49}}]}},"s":{"0":1,"1":1,"2":1,"3":7,"4":7,"5":6,"6":1,"7":5,"8":0,"9":5,"10":5,"11":7,"12":1},"f":{"0":7,"1":6,"2":0,"3":5},"b":{"0":[0],"1":[0],"2":[1,5],"3":[7,1],"4":[1,0],"5":[7,1],"6":[1,0]}}
,"C:\\Users\\chale\\Desktop\\drag-drop-builder\\src\\components\\DragDropContainer\\DragDropContainer.tsx": {"path":"C:\\Users\\chale\\Desktop\\drag-drop-builder\\src\\components\\DragDropContainer\\DragDropContainer.tsx","statementMap":{"0":{"start":{"line":1,"column":0},"end":{"line":1,"column":48}},"1":{"start":{"line":2,"column":0},"end":{"line":2,"column":57}},"2":{"start":{"line":4,"column":0},"end":{"line":4,"column":56}},"3":{"start":{"line":5,"column":0},"end":{"line":5,"column":59}},"4":{"start":{"line":6,"column":0},"end":{"line":6,"column":59}},"5":{"start":{"line":7,"column":0},"end":{"line":7,"column":65}},"6":{"start":{"line":8,"column":0},"end":{"line":8,"column":36}},"7":{"start":{"line":9,"column":0},"end":{"line":9,"column":34}},"8":{"start":{"line":16,"column":60},"end":{"line":144,"column":1}},"9":{"start":{"line":17,"column":36},"end":{"line":17,"column":51}},"10":{"start":{"line":18,"column":44},"end":{"line":18,"column":73}},"11":{"start":{"line":19,"column":20},"end":{"line":19,"column":72}},"12":{"start":{"line":21,"column":26},"end":{"line":29,"column":3}},"13":{"start":{"line":22,"column":21},"end":{"line":22,"column":47}},"14":{"start":{"line":23,"column":4},"end":{"line":28,"column":7}},"15":{"start":{"line":24,"column":20},"end":{"line":24,"column":60}},"16":{"start":{"line":24,"column":42},"end":{"line":24,"column":59}},"17":{"start":{"line":25,"column":28},"end":{"line":25,"column":37}},"18":{"start":{"line":26,"column":6},"end":{"line":26,"column":51}},"19":{"start":{"line":27,"column":6},"end":{"line":27,"column":27}},"20":{"start":{"line":31,"column":23},"end":{"line":33,"column":3}},"21":{"start":{"line":32,"column":4},"end":{"line":32,"column":57}},"22":{"start":{"line":32,"column":24},"end":{"line":32,"column":55}},"23":{"start":{"line":32,"column":43},"end":{"line":32,"column":54}},"24":{"start":{"line":35,"column":30},"end":{"line":41,"column":3}},"25":{"start":{"line":36,"column":4},"end":{"line":40,"column":6}},"26":{"start":{"line":37,"column":6},"end":{"line":38,"column":null}},"27":{"start":{"line":38,"column":8},"end":{"line":38,"column":43}},"28":{"start":{"line":43,"column":28},"end":{"line":49,"column":3}},"29":{"start":{"line":44,"column":4},"end":{"line":48,"column":6}},"30":{"start":{"line":45,"column":6},"end":{"line":46,"column":null}},"31":{"start":{"line":46,"column":8},"end":{"line":46,"column":39}},"32":{"start":{"line":51,"column":20},"end":{"line":54,"column":3}},"33":{"start":{"line":52,"column":4},"end":{"line":52,"column":25}},"34":{"start":{"line":53,"column":4},"end":{"line":53,"column":23}},"35":{"start":{"line":56,"column":21},"end":{"line":59,"column":3}},"36":{"start":{"line":57,"column":4},"end":{"line":57,"column":24}},"37":{"start":{"line":58,"column":4},"end":{"line":58,"column":27}},"38":{"start":{"line":61,"column":24},"end":{"line":66,"column":3}},"39":{"start":{"line":62,"column":4},"end":{"line":65,"column":5}},"40":{"start":{"line":63,"column":6},"end":{"line":63,"column":34}},"41":{"start":{"line":64,"column":6},"end":{"line":64,"column":19}},"42":{"start":{"line":68,"column":2},"end":{"line":143,"column":4}},"43":{"start":{"line":72,"column":10},"end":{"line":129,"column":null}},"44":{"start":{"line":83,"column":14},"end":{"line":83,"column":40}},"45":{"start":{"line":85,"column":18},"end":{"line":123,"column":null}},"46":{"start":{"line":87,"column":22},"end":{"line":87,"column":44}},"47":{"start":{"line":88,"column":22},"end":{"line":88,"column":55}},"48":{"start":{"line":113,"column":39},"end":{"line":113,"column":61}},"49":{"start":{"line":119,"column":39},"end":{"line":119,"column":58}},"50":{"start":{"line":146,"column":0},"end":{"line":146,"column":33}}},"fnMap":{"0":{"name":"(anonymous_1)","decl":{"start":{"line":16,"column":60},"end":{"line":16,"column":61}},"loc":{"start":{"line":16,"column":86},"end":{"line":144,"column":1}}},"1":{"name":"(anonymous_2)","decl":{"start":{"line":21,"column":26},"end":{"line":21,"column":27}},"loc":{"start":{"line":21,"column":43},"end":{"line":29,"column":3}}},"2":{"name":"(anonymous_3)","decl":{"start":{"line":23,"column":14},"end":{"line":23,"column":15}},"loc":{"start":{"line":23,"column":23},"end":{"line":28,"column":5}}},"3":{"name":"(anonymous_4)","decl":{"start":{"line":24,"column":35},"end":{"line":24,"column":36}},"loc":{"start":{"line":24,"column":42},"end":{"line":24,"column":59}}},"4":{"name":"(anonymous_5)","decl":{"start":{"line":31,"column":23},"end":{"line":31,"column":24}},"loc":{"start":{"line":31,"column":38},"end":{"line":33,"column":3}}},"5":{"name":"(anonymous_6)","decl":{"start":{"line":32,"column":14},"end":{"line":32,"column":15}},"loc":{"start":{"line":32,"column":24},"end":{"line":32,"column":55}}},"6":{"name":"(anonymous_7)","decl":{"start":{"line":32,"column":36},"end":{"line":32,"column":37}},"loc":{"start":{"line":32,"column":43},"end":{"line":32,"column":54}}},"7":{"name":"(anonymous_8)","decl":{"start":{"line":35,"column":30},"end":{"line":35,"column":31}},"loc":{"start":{"line":35,"column":62},"end":{"line":41,"column":3}}},"8":{"name":"(anonymous_9)","decl":{"start":{"line":36,"column":14},"end":{"line":36,"column":15}},"loc":{"start":{"line":37,"column":6},"end":{"line":38,"column":null}}},"9":{"name":"(anonymous_10)","decl":{"start":{"line":37,"column":15},"end":{"line":37,"column":16}},"loc":{"start":{"line":38,"column":8},"end":{"line":38,"column":43}}},"10":{"name":"(anonymous_11)","decl":{"start":{"line":43,"column":28},"end":{"line":43,"column":29}},"loc":{"start":{"line":43,"column":56},"end":{"line":49,"column":3}}},"11":{"name":"(anonymous_12)","decl":{"start":{"line":44,"column":14},"end":{"line":44,"column":15}},"loc":{"start":{"line":45,"column":6},"end":{"line":46,"column":null}}},"12":{"name":"(anonymous_13)","decl":{"start":{"line":45,"column":15},"end":{"line":45,"column":16}},"loc":{"start":{"line":46,"column":8},"end":{"line":46,"column":39}}},"13":{"name":"(anonymous_14)","decl":{"start":{"line":51,"column":20},"end":{"line":51,"column":21}},"loc":{"start":{"line":51,"column":35},"end":{"line":54,"column":3}}},"14":{"name":"(anonymous_15)","decl":{"start":{"line":56,"column":21},"end":{"line":56,"column":24}},"loc":{"start":{"line":56,"column":26},"end":{"line":59,"column":3}}},"15":{"name":"(anonymous_16)","decl":{"start":{"line":61,"column":24},"end":{"line":61,"column":27}},"loc":{"start":{"line":61,"column":29},"end":{"line":66,"column":3}}},"16":{"name":"(anonymous_17)","decl":{"start":{"line":71,"column":9},"end":{"line":71,"column":10}},"loc":{"start":{"line":72,"column":10},"end":{"line":129,"column":null}}},"17":{"name":"(anonymous_18)","decl":{"start":{"line":82,"column":24},"end":{"line":82,"column":25}},"loc":{"start":{"line":83,"column":14},"end":{"line":83,"column":40}}},"18":{"name":"(anonymous_19)","decl":{"start":{"line":84,"column":17},"end":{"line":84,"column":18}},"loc":{"start":{"line":85,"column":18},"end":{"line":123,"column":null}}},"19":{"name":"(anonymous_20)","decl":{"start":{"line":86,"column":25},"end":{"line":86,"column":26}},"loc":{"start":{"line":86,"column":32},"end":{"line":89,"column":21}}},"20":{"name":"(anonymous_21)","decl":{"start":{"line":113,"column":33},"end":{"line":113,"column":36}},"loc":{"start":{"line":113,"column":39},"end":{"line":113,"column":61}}},"21":{"name":"(anonymous_22)","decl":{"start":{"line":119,"column":33},"end":{"line":119,"column":36}},"loc":{"start":{"line":119,"column":39},"end":{"line":119,"column":58}}}},"branchMap":{"0":{"loc":{"start":{"line":38,"column":8},"end":{"line":38,"column":43}},"type":"cond-expr","locations":[{"start":{"line":38,"column":22},"end":{"line":38,"column":39}},{"start":{"line":38,"column":42},"end":{"line":38,"column":43}}]},"1":{"loc":{"start":{"line":46,"column":8},"end":{"line":46,"column":39}},"type":"cond-expr","locations":[{"start":{"line":46,"column":22},"end":{"line":46,"column":35}},{"start":{"line":46,"column":38},"end":{"line":46,"column":39}}]},"2":{"loc":{"start":{"line":62,"column":4},"end":{"line":65,"column":5}},"type":"if","locations":[{"start":{"line":62,"column":4},"end":{"line":65,"column":5}}]},"3":{"loc":{"start":{"line":77,"column":13},"end":{"line":80,"column":null}},"type":"binary-expr","locations":[{"start":{"line":77,"column":13},"end":{"line":77,"column":32}},{"start":{"line":78,"column":14},"end":{"line":78,"column":null}}]},"4":{"loc":{"start":{"line":96,"column":21},"end":{"line":101,"column":null}},"type":"binary-expr","locations":[{"start":{"line":96,"column":21},"end":{"line":96,"column":42}},{"start":{"line":97,"column":22},"end":{"line":100,"column":null}}]},"5":{"loc":{"start":{"line":99,"column":33},"end":{"line":99,"column":52}},"type":"binary-expr","locations":[{"start":{"line":99,"column":33},"end":{"line":99,"column":46}},{"start":{"line":99,"column":50},"end":{"line":99,"column":52}}]},"6":{"loc":{"start":{"line":103,"column":21},"end":{"line":108,"column":null}},"type":"binary-expr","locations":[{"start":{"line":103,"column":21},"end":{"line":103,"column":43}},{"start":{"line":104,"column":22},"end":{"line":107,"column":null}}]},"7":{"loc":{"start":{"line":106,"column":39},"end":{"line":106,"column":54}},"type":"binary-expr","locations":[{"start":{"line":106,"column":39},"end":{"line":106,"column":48}},{"start":{"line":106,"column":52},"end":{"line":106,"column":54}}]},"8":{"loc":{"start":{"line":129,"column":13},"end":{"line":129,"column":64}},"type":"binary-expr","locations":[{"start":{"line":129,"column":13},"end":{"line":129,"column":30}},{"start":{"line":129,"column":34},"end":{"line":129,"column":64}}]}},"s":{"0":1,"1":1,"2":1,"3":1,"4":1,"5":1,"6":1,"7":1,"8":1,"9":6,"10":6,"11":6,"12":6,"13":1,"14":1,"15":0,"16":0,"17":0,"18":0,"19":0,"20":6,"21":0,"22":0,"23":0,"24":6,"25":0,"26":0,"27":0,"28":6,"29":0,"30":0,"31":0,"32":6,"33":1,"34":1,"35":6,"36":0,"37":0,"38":6,"39":0,"40":0,"41":0,"42":6,"43":6,"44":10,"45":10,"46":20,"47":20,"48":1,"49":1,"50":1},"f":{"0":6,"1":1,"2":0,"3":0,"4":0,"5":0,"6":0,"7":0,"8":0,"9":0,"10":0,"11":0,"12":0,"13":1,"14":0,"15":0,"16":6,"17":10,"18":10,"19":20,"20":1,"21":1},"b":{"0":[0,0],"1":[0,0],"2":[0],"3":[6,1],"4":[10,5],"5":[5,0],"6":[10,5],"7":[5,0],"8":[6,5]}}
,"C:\\Users\\chale\\Desktop\\drag-drop-builder\\src\\components\\ImageBlock\\ImageBlock.tsx": {"path":"C:\\Users\\chale\\Desktop\\drag-drop-builder\\src\\components\\ImageBlock\\ImageBlock.tsx","statementMap":{"0":{"start":{"line":1,"column":0},"end":{"line":1,"column":40}},"1":{"start":{"line":2,"column":0},"end":{"line":2,"column":36}},"2":{"start":{"line":3,"column":0},"end":{"line":3,"column":36}},"3":{"start":{"line":4,"column":0},"end":{"line":4,"column":36}},"4":{"start":{"line":5,"column":0},"end":{"line":5,"column":36}},"5":{"start":{"line":6,"column":0},"end":{"line":6,"column":27}},"6":{"start":{"line":14,"column":46},"end":{"line":55,"column":1}},"7":{"start":{"line":15,"column":52},"end":{"line":15,"column":67}},"8":{"start":{"line":17,"column":17},"end":{"line":17,"column":41}},"9":{"start":{"line":19,"column":27},"end":{"line":21,"column":3}},"10":{"start":{"line":20,"column":4},"end":{"line":20,"column":31}},"11":{"start":{"line":23,"column":28},"end":{"line":26,"column":3}},"12":{"start":{"line":24,"column":4},"end":{"line":24,"column":29}},"13":{"start":{"line":25,"column":4},"end":{"line":25,"column":32}},"14":{"start":{"line":28,"column":2},"end":{"line":54,"column":4}},"15":{"start":{"line":34,"column":14},"end":{"line":35,"column":null}},"16":{"start":{"line":40,"column":18},"end":{"line":40,"column":43}},"17":{"start":{"line":57,"column":0},"end":{"line":57,"column":26}}},"fnMap":{"0":{"name":"(anonymous_1)","decl":{"start":{"line":14,"column":46},"end":{"line":14,"column":47}},"loc":{"start":{"line":14,"column":87},"end":{"line":55,"column":1}}},"1":{"name":"(anonymous_2)","decl":{"start":{"line":19,"column":27},"end":{"line":19,"column":30}},"loc":{"start":{"line":19,"column":32},"end":{"line":21,"column":3}}},"2":{"name":"(anonymous_3)","decl":{"start":{"line":23,"column":28},"end":{"line":23,"column":29}},"loc":{"start":{"line":23,"column":46},"end":{"line":26,"column":3}}},"3":{"name":"(anonymous_4)","decl":{"start":{"line":33,"column":24},"end":{"line":33,"column":25}},"loc":{"start":{"line":34,"column":14},"end":{"line":35,"column":null}}},"4":{"name":"(anonymous_5)","decl":{"start":{"line":39,"column":25},"end":{"line":39,"column":28}},"loc":{"start":{"line":39,"column":30},"end":{"line":41,"column":17}}}},"branchMap":{"0":{"loc":{"start":{"line":31,"column":9},"end":{"line":50,"column":null}},"type":"cond-expr","locations":[{"start":{"line":32,"column":10},"end":{"line":43,"column":null}},{"start":{"line":46,"column":10},"end":{"line":49,"column":null}}]},"1":{"loc":{"start":{"line":46,"column":10},"end":{"line":49,"column":null}},"type":"cond-expr","locations":[{"start":{"line":47,"column":12},"end":{"line":47,"column":86}},{"start":{"line":49,"column":12},"end":{"line":49,"column":105}}]}},"s":{"0":2,"1":2,"2":2,"3":2,"4":2,"5":2,"6":2,"7":13,"8":13,"9":13,"10":3,"11":13,"12":1,"13":1,"14":13,"15":12,"16":1,"17":2},"f":{"0":13,"1":3,"2":1,"3":12,"4":1},"b":{"0":[3,10],"1":[4,6]}}
,"C:\\Users\\chale\\Desktop\\drag-drop-builder\\src\\components\\Navbar\\Navbar.tsx": {"path":"C:\\Users\\chale\\Desktop\\drag-drop-builder\\src\\components\\Navbar\\Navbar.tsx","statementMap":{"0":{"start":{"line":2,"column":0},"end":{"line":2,"column":37}},"1":{"start":{"line":3,"column":0},"end":{"line":3,"column":23}},"2":{"start":{"line":5,"column":25},"end":{"line":14,"column":1}},"3":{"start":{"line":6,"column":2},"end":{"line":13,"column":4}},"4":{"start":{"line":16,"column":0},"end":{"line":16,"column":22}}},"fnMap":{"0":{"name":"(anonymous_1)","decl":{"start":{"line":5,"column":25},"end":{"line":5,"column":28}},"loc":{"start":{"line":5,"column":30},"end":{"line":14,"column":1}}}},"branchMap":{},"s":{"0":1,"1":1,"2":1,"3":3,"4":1},"f":{"0":3},"b":{}}
,"C:\\Users\\chale\\Desktop\\drag-drop-builder\\src\\components\\SaveButton\\SaveButton.tsx": {"path":"C:\\Users\\chale\\Desktop\\drag-drop-builder\\src\\components\\SaveButton\\SaveButton.tsx","statementMap":{"0":{"start":{"line":8,"column":46},"end":{"line":19,"column":1}},"1":{"start":{"line":9,"column":21},"end":{"line":12,"column":3}},"2":{"start":{"line":10,"column":23},"end":{"line":10,"column":54}},"3":{"start":{"line":11,"column":4},"end":{"line":11,"column":50}},"4":{"start":{"line":14,"column":2},"end":{"line":18,"column":4}},"5":{"start":{"line":21,"column":0},"end":{"line":21,"column":26}}},"fnMap":{"0":{"name":"(anonymous_0)","decl":{"start":{"line":8,"column":46},"end":{"line":8,"column":47}},"loc":{"start":{"line":8,"column":61},"end":{"line":19,"column":1}}},"1":{"name":"(anonymous_1)","decl":{"start":{"line":9,"column":21},"end":{"line":9,"column":24}},"loc":{"start":{"line":9,"column":26},"end":{"line":12,"column":3}}}},"branchMap":{},"s":{"0":2,"1":7,"2":1,"3":1,"4":7,"5":2},"f":{"0":7,"1":1},"b":{}}
,"C:\\Users\\chale\\Desktop\\drag-drop-builder\\src\\components\\TextBlock\\TextBlock.tsx": {"path":"C:\\Users\\chale\\Desktop\\drag-drop-builder\\src\\components\\TextBlock\\TextBlock.tsx","statementMap":{"0":{"start":{"line":1,"column":0},"end":{"line":1,"column":59}},"1":{"start":{"line":2,"column":0},"end":{"line":2,"column":26}},"2":{"start":{"line":10,"column":44},"end":{"line":45,"column":1}},"3":{"start":{"line":11,"column":36},"end":{"line":11,"column":51}},"4":{"start":{"line":12,"column":23},"end":{"line":12,"column":58}},"5":{"start":{"line":15,"column":2},"end":{"line":19,"column":27}},"6":{"start":{"line":16,"column":4},"end":{"line":18,"column":5}},"7":{"start":{"line":17,"column":6},"end":{"line":17,"column":47}},"8":{"start":{"line":21,"column":21},"end":{"line":27,"column":3}},"9":{"start":{"line":22,"column":4},"end":{"line":25,"column":5}},"10":{"start":{"line":23,"column":29},"end":{"line":23,"column":59}},"11":{"start":{"line":24,"column":6},"end":{"line":24,"column":42}},"12":{"start":{"line":26,"column":4},"end":{"line":26,"column":24}},"13":{"start":{"line":29,"column":22},"end":{"line":31,"column":3}},"14":{"start":{"line":30,"column":4},"end":{"line":30,"column":23}},"15":{"start":{"line":33,"column":2},"end":{"line":44,"column":4}},"16":{"start":{"line":47,"column":0},"end":{"line":47,"column":25}}},"fnMap":{"0":{"name":"(anonymous_0)","decl":{"start":{"line":10,"column":44},"end":{"line":10,"column":45}},"loc":{"start":{"line":10,"column":81},"end":{"line":45,"column":1}}},"1":{"name":"(anonymous_1)","decl":{"start":{"line":15,"column":12},"end":{"line":15,"column":15}},"loc":{"start":{"line":15,"column":17},"end":{"line":19,"column":3}}},"2":{"name":"(anonymous_2)","decl":{"start":{"line":21,"column":21},"end":{"line":21,"column":24}},"loc":{"start":{"line":21,"column":26},"end":{"line":27,"column":3}}},"3":{"name":"(anonymous_3)","decl":{"start":{"line":29,"column":22},"end":{"line":29,"column":25}},"loc":{"start":{"line":29,"column":27},"end":{"line":31,"column":3}}}},"branchMap":{"0":{"loc":{"start":{"line":16,"column":4},"end":{"line":18,"column":5}},"type":"if","locations":[{"start":{"line":16,"column":4},"end":{"line":18,"column":5}}]},"1":{"loc":{"start":{"line":16,"column":8},"end":{"line":16,"column":42}},"type":"binary-expr","locations":[{"start":{"line":16,"column":8},"end":{"line":16,"column":28}},{"start":{"line":16,"column":32},"end":{"line":16,"column":42}}]},"2":{"loc":{"start":{"line":22,"column":4},"end":{"line":25,"column":5}},"type":"if","locations":[{"start":{"line":22,"column":4},"end":{"line":25,"column":5}}]}},"s":{"0":2,"1":2,"2":2,"3":9,"4":9,"5":9,"6":8,"7":7,"8":9,"9":1,"10":1,"11":1,"12":1,"13":9,"14":1,"15":9,"16":2},"f":{"0":9,"1":8,"2":1,"3":1},"b":{"0":[7],"1":[8,8],"2":[1]}}
}
