TN:
SF:src\components\ConfirmModal\ConfirmModal.tsx
FN:14,(anonymous_0)
FN:25,(anonymous_1)
FN:29,(anonymous_2)
FN:30,(anonymous_3)
FNF:4
FNH:3
FNDA:7,(anonymous_0)
FNDA:6,(anonymous_1)
FNDA:0,(anonymous_2)
FNDA:5,(anonymous_3)
DA:1,1
DA:2,1
DA:14,1
DA:23,7
DA:25,7
DA:26,6
DA:27,1
DA:29,5
DA:30,5
DA:34,7
DA:64,1
LF:11
LH:11
BRDA:20,0,0,0
BRDA:21,1,0,0
BRDA:26,2,0,1
BRDA:26,2,1,5
BRDA:36,3,0,7
BRDA:36,3,1,1
BRDA:36,4,0,1
BRDA:36,4,1,0
BRDA:37,5,0,7
BRDA:37,5,1,1
BRDA:38,6,0,1
BRDA:38,6,1,0
BRF:12
BRH:8
end_of_record
TN:
SF:src\components\DragDropContainer\DragDropContainer.tsx
FN:16,(anonymous_1)
FN:21,(anonymous_2)
FN:23,(anonymous_3)
FN:24,(anonymous_4)
FN:31,(anonymous_5)
FN:32,(anonymous_6)
FN:32,(anonymous_7)
FN:35,(anonymous_8)
FN:36,(anonymous_9)
FN:37,(anonymous_10)
FN:43,(anonymous_11)
FN:44,(anonymous_12)
FN:45,(anonymous_13)
FN:51,(anonymous_14)
FN:56,(anonymous_15)
FN:61,(anonymous_16)
FN:71,(anonymous_17)
FN:82,(anonymous_18)
FN:84,(anonymous_19)
FN:86,(anonymous_20)
FN:113,(anonymous_21)
FN:119,(anonymous_22)
FNF:22
FNH:9
FNDA:6,(anonymous_1)
FNDA:1,(anonymous_2)
FNDA:0,(anonymous_3)
FNDA:0,(anonymous_4)
FNDA:0,(anonymous_5)
FNDA:0,(anonymous_6)
FNDA:0,(anonymous_7)
FNDA:0,(anonymous_8)
FNDA:0,(anonymous_9)
FNDA:0,(anonymous_10)
FNDA:0,(anonymous_11)
FNDA:0,(anonymous_12)
FNDA:0,(anonymous_13)
FNDA:1,(anonymous_14)
FNDA:0,(anonymous_15)
FNDA:0,(anonymous_16)
FNDA:6,(anonymous_17)
FNDA:10,(anonymous_18)
FNDA:10,(anonymous_19)
FNDA:20,(anonymous_20)
FNDA:1,(anonymous_21)
FNDA:1,(anonymous_22)
DA:1,1
DA:2,1
DA:4,1
DA:5,1
DA:6,1
DA:7,1
DA:8,1
DA:9,1
DA:16,1
DA:17,6
DA:18,6
DA:19,6
DA:21,6
DA:22,1
DA:23,1
DA:24,0
DA:25,0
DA:26,0
DA:27,0
DA:31,6
DA:32,0
DA:35,6
DA:36,0
DA:37,0
DA:38,0
DA:43,6
DA:44,0
DA:45,0
DA:46,0
DA:51,6
DA:52,1
DA:53,1
DA:56,6
DA:57,0
DA:58,0
DA:61,6
DA:62,0
DA:63,0
DA:64,0
DA:68,6
DA:72,6
DA:83,10
DA:85,10
DA:87,20
DA:88,20
DA:113,1
DA:119,1
DA:146,1
LF:48
LH:32
BRDA:38,0,0,0
BRDA:38,0,1,0
BRDA:46,1,0,0
BRDA:46,1,1,0
BRDA:62,2,0,0
BRDA:77,3,0,6
BRDA:77,3,1,1
BRDA:96,4,0,10
BRDA:96,4,1,5
BRDA:99,5,0,5
BRDA:99,5,1,0
BRDA:103,6,0,10
BRDA:103,6,1,5
BRDA:106,7,0,5
BRDA:106,7,1,0
BRDA:129,8,0,6
BRDA:129,8,1,5
BRF:17
BRH:10
end_of_record
TN:
SF:src\components\ImageBlock\ImageBlock.tsx
FN:14,(anonymous_1)
FN:19,(anonymous_2)
FN:23,(anonymous_3)
FN:33,(anonymous_4)
FN:39,(anonymous_5)
FNF:5
FNH:5
FNDA:13,(anonymous_1)
FNDA:3,(anonymous_2)
FNDA:1,(anonymous_3)
FNDA:12,(anonymous_4)
FNDA:1,(anonymous_5)
DA:1,2
DA:2,2
DA:3,2
DA:4,2
DA:5,2
DA:6,2
DA:14,2
DA:15,13
DA:17,13
DA:19,13
DA:20,3
DA:23,13
DA:24,1
DA:25,1
DA:28,13
DA:34,12
DA:40,1
DA:57,2
LF:18
LH:18
BRDA:31,0,0,3
BRDA:31,0,1,10
BRDA:46,1,0,4
BRDA:46,1,1,6
BRF:4
BRH:4
end_of_record
TN:
SF:src\components\Navbar\Navbar.tsx
FN:5,(anonymous_1)
FNF:1
FNH:1
FNDA:3,(anonymous_1)
DA:2,1
DA:3,1
DA:5,1
DA:6,3
DA:16,1
LF:5
LH:5
BRF:0
BRH:0
end_of_record
TN:
SF:src\components\SaveButton\SaveButton.tsx
FN:8,(anonymous_0)
FN:9,(anonymous_1)
FNF:2
FNH:2
FNDA:7,(anonymous_0)
FNDA:1,(anonymous_1)
DA:8,2
DA:9,7
DA:10,1
DA:11,1
DA:14,7
DA:21,2
LF:6
LH:6
BRF:0
BRH:0
end_of_record
TN:
SF:src\components\TextBlock\TextBlock.tsx
FN:10,(anonymous_0)
FN:15,(anonymous_1)
FN:21,(anonymous_2)
FN:29,(anonymous_3)
FNF:4
FNH:4
FNDA:9,(anonymous_0)
FNDA:8,(anonymous_1)
FNDA:1,(anonymous_2)
FNDA:1,(anonymous_3)
DA:1,2
DA:2,2
DA:10,2
DA:11,9
DA:12,9
DA:15,9
DA:16,8
DA:17,7
DA:21,9
DA:22,1
DA:23,1
DA:24,1
DA:26,1
DA:29,9
DA:30,1
DA:33,9
DA:47,2
LF:17
LH:17
BRDA:16,0,0,7
BRDA:16,1,0,8
BRDA:16,1,1,8
BRDA:22,2,0,1
BRF:4
BRH:4
end_of_record
